Performing C SOURCE FILE Test CMAKE_HAVE_LIBC_PTHREAD failed with the following output:
Change Dir: /home/haost/Рабочий стол/pool_lib/build/CMakeFiles/CMakeTmp

Run Build Command(s):/usr/bin/make cmTC_39d7e/fast && /usr/bin/make  -f CMakeFiles/cmTC_39d7e.dir/build.make CMakeFiles/cmTC_39d7e.dir/build
make[1]: вход в каталог «/home/haost/Рабочий стол/pool_lib/build/CMakeFiles/CMakeTmp»
Building C object CMakeFiles/cmTC_39d7e.dir/src.c.o
/usr/bin/cc -DCMAKE_HAVE_LIBC_PTHREAD   -o CMakeFiles/cmTC_39d7e.dir/src.c.o -c "/home/haost/Рабочий стол/pool_lib/build/CMakeFiles/CMakeTmp/src.c"
Linking C executable cmTC_39d7e
/snap/cmake/703/bin/cmake -E cmake_link_script CMakeFiles/cmTC_39d7e.dir/link.txt --verbose=1
/usr/bin/cc -rdynamic CMakeFiles/cmTC_39d7e.dir/src.c.o -o cmTC_39d7e 
/usr/bin/ld: CMakeFiles/cmTC_39d7e.dir/src.c.o: в функции «main»:
src.c:(.text+0x46): неопределённая ссылка на «pthread_create»
/usr/bin/ld: src.c:(.text+0x52): неопределённая ссылка на «pthread_detach»
/usr/bin/ld: src.c:(.text+0x5e): неопределённая ссылка на «pthread_cancel»
/usr/bin/ld: src.c:(.text+0x6f): неопределённая ссылка на «pthread_join»
collect2: error: ld returned 1 exit status
make[1]: *** [CMakeFiles/cmTC_39d7e.dir/build.make:106: cmTC_39d7e] Ошибка 1
make[1]: выход из каталога «/home/haost/Рабочий стол/pool_lib/build/CMakeFiles/CMakeTmp»
make: *** [Makefile:140: cmTC_39d7e/fast] Ошибка 2


Source file was:
#include <pthread.h>

static void* test_func(void* data)
{
  return data;
}

int main(void)
{
  pthread_t thread;
  pthread_create(&thread, NULL, test_func, NULL);
  pthread_detach(thread);
  pthread_cancel(thread);
  pthread_join(thread, NULL);
  pthread_atfork(NULL, NULL, NULL);
  pthread_exit(NULL);

  return 0;
}

Determining if the function pthread_create exists in the pthreads failed with the following output:
Change Dir: /home/haost/Рабочий стол/pool_lib/build/CMakeFiles/CMakeTmp

Run Build Command(s):/usr/bin/make cmTC_1d79c/fast && /usr/bin/make  -f CMakeFiles/cmTC_1d79c.dir/build.make CMakeFiles/cmTC_1d79c.dir/build
make[1]: вход в каталог «/home/haost/Рабочий стол/pool_lib/build/CMakeFiles/CMakeTmp»
Building C object CMakeFiles/cmTC_1d79c.dir/CheckFunctionExists.c.o
/usr/bin/cc   -DCHECK_FUNCTION_EXISTS=pthread_create -o CMakeFiles/cmTC_1d79c.dir/CheckFunctionExists.c.o -c /snap/cmake/703/share/cmake-3.19/Modules/CheckFunctionExists.c
Linking C executable cmTC_1d79c
/snap/cmake/703/bin/cmake -E cmake_link_script CMakeFiles/cmTC_1d79c.dir/link.txt --verbose=1
/usr/bin/cc  -DCHECK_FUNCTION_EXISTS=pthread_create -rdynamic CMakeFiles/cmTC_1d79c.dir/CheckFunctionExists.c.o -o cmTC_1d79c  -lpthreads 
/usr/bin/ld: невозможно найти -lpthreads
collect2: error: ld returned 1 exit status
make[1]: *** [CMakeFiles/cmTC_1d79c.dir/build.make:106: cmTC_1d79c] Ошибка 1
make[1]: выход из каталога «/home/haost/Рабочий стол/pool_lib/build/CMakeFiles/CMakeTmp»
make: *** [Makefile:140: cmTC_1d79c/fast] Ошибка 2



